[2022-07-02 14:27:56,206: INFO: logerApp] Enter In Convert_input_into_data
[2022-07-02 14:27:56,254: INFO: logerApp] Convert categorical values to numeric values
[2022-07-02 14:27:56,270: INFO: logerApp] Exit In Convert_input_into_data
[2022-07-02 14:27:56,271: INFO: logerApp] Enter In Get_prediction
[2022-07-02 14:27:56,272: INFO: logerApp] Model Name:  Random Forest
[2022-07-02 14:27:57,411: INFO: logerApp] Prediction:  [1]
[2022-07-02 14:28:07,802: INFO: logerApp] Exit In Get_prediction
[2022-07-02 14:28:19,540: INFO: logerApp] Enter In Prediction
[2022-07-02 14:28:19,585: INFO: _internal] 127.0.0.1 - - [02/Jul/2022 14:28:19] "POST /predict HTTP/1.1" 200 -
[2022-07-02 14:33:28,528: INFO: logerApp] Enter In Convert_input_into_data
[2022-07-02 14:33:28,899: INFO: logerApp] Convert categorical values to numeric values
[2022-07-02 14:33:28,930: INFO: logerApp] Exit In Convert_input_into_data
[2022-07-02 14:33:28,932: INFO: logerApp] Enter In Get_prediction
[2022-07-02 14:33:28,935: INFO: logerApp] Model Name:  Random Forest
[2022-07-02 14:33:29,417: INFO: logerApp] Prediction:  [1]
[2022-07-02 14:33:29,491: INFO: logerApp] Exit In Get_prediction
[2022-07-02 14:33:30,773: INFO: logerApp] Enter In Prediction
[2022-07-02 14:33:30,792: INFO: _internal] 127.0.0.1 - - [02/Jul/2022 14:33:30] "POST /predict HTTP/1.1" 200 -
[2022-07-02 14:33:39,619: INFO: logerApp] Enter In Convert_input_into_data
[2022-07-02 14:33:39,646: INFO: logerApp] Convert categorical values to numeric values
[2022-07-02 14:33:39,659: INFO: logerApp] Exit In Convert_input_into_data
[2022-07-02 14:33:39,660: INFO: logerApp] Enter In Get_prediction
[2022-07-02 14:33:39,662: INFO: logerApp] Model Name:  Random Forest
[2022-07-02 14:33:40,320: INFO: logerApp] Prediction:  [1]
[2022-07-02 14:33:40,338: INFO: logerApp] Exit In Get_prediction
[2022-07-02 14:33:40,968: INFO: logerApp] Enter In Prediction
[2022-07-02 14:33:40,969: INFO: _internal] 127.0.0.1 - - [02/Jul/2022 14:33:40] "POST /predict HTTP/1.1" 200 -
[2022-07-02 14:34:04,064: INFO: logerApp] Enter In Convert_input_into_data
[2022-07-02 14:34:04,092: INFO: logerApp] Convert categorical values to numeric values
[2022-07-02 14:34:04,115: INFO: logerApp] Exit In Convert_input_into_data
[2022-07-02 14:34:04,116: INFO: logerApp] Enter In Get_prediction
[2022-07-02 14:34:04,132: INFO: logerApp] Model Name:  Random Forest
[2022-07-02 14:34:04,752: INFO: logerApp] Prediction:  [1]
[2022-07-02 14:34:04,770: INFO: logerApp] Exit In Get_prediction
[2022-07-02 14:34:04,841: INFO: logerApp] Enter In Prediction
[2022-07-02 14:34:04,876: INFO: _internal] 127.0.0.1 - - [02/Jul/2022 14:34:04] "POST /predict HTTP/1.1" 200 -
[2022-07-02 14:34:12,492: INFO: logerApp] Enter In Convert_input_into_data
[2022-07-02 14:34:12,526: INFO: logerApp] Convert categorical values to numeric values
[2022-07-02 14:34:12,536: INFO: logerApp] Exit In Convert_input_into_data
[2022-07-02 14:34:12,536: INFO: logerApp] Enter In Get_prediction
[2022-07-02 14:34:12,537: INFO: logerApp] Model Name:  Random Forest
[2022-07-02 14:34:14,916: INFO: logerApp] Prediction:  [1]
[2022-07-02 14:34:14,944: INFO: logerApp] Exit In Get_prediction
[2022-07-02 14:34:15,017: INFO: logerApp] Enter In Prediction
[2022-07-02 14:34:15,029: INFO: _internal] 127.0.0.1 - - [02/Jul/2022 14:34:15] "POST /predict HTTP/1.1" 200 -
[2022-07-02 14:35:05,493: INFO: logerApp] Enter In Convert_input_into_data
[2022-07-02 14:35:05,562: INFO: logerApp] Convert categorical values to numeric values
[2022-07-02 14:35:05,593: INFO: logerApp] Exit In Convert_input_into_data
[2022-07-02 14:35:05,595: INFO: logerApp] Enter In Get_prediction
[2022-07-02 14:35:05,597: INFO: logerApp] Model Name:  Random Forest
[2022-07-02 14:35:05,855: INFO: logerApp] Prediction:  [1]
[2022-07-02 14:35:05,883: INFO: logerApp] Exit In Get_prediction
[2022-07-02 14:35:05,971: INFO: logerApp] Enter In Prediction
[2022-07-02 14:35:05,976: INFO: _internal] 127.0.0.1 - - [02/Jul/2022 14:35:05] "POST /predict HTTP/1.1" 200 -
[2022-07-02 14:38:35,252: INFO: logerApp] Enter In Convert_input_into_data
[2022-07-02 14:38:35,299: INFO: logerApp] Convert categorical values to numeric values
[2022-07-02 14:38:35,317: INFO: logerApp] Exit In Convert_input_into_data
[2022-07-02 14:38:35,318: INFO: logerApp] Enter In Get_prediction
[2022-07-02 14:38:35,319: INFO: logerApp] Model Name:  Random Forest
[2022-07-02 14:38:35,573: INFO: logerApp] Prediction:  [1]
[2022-07-02 14:38:35,609: INFO: logerApp] Exit In Get_prediction
[2022-07-02 14:38:35,646: INFO: logerApp] Enter In Prediction
[2022-07-02 14:38:35,649: INFO: _internal] 127.0.0.1 - - [02/Jul/2022 14:38:35] "POST /predict HTTP/1.1" 200 -
